<?xml version="1.0" encoding="utf-8"?><testsuites name="pytest tests"><testsuite name="pytest" errors="0" failures="0" skipped="0" tests="12" time="5.857" timestamp="2026-07-03T13:49:03.732365+00:00" hostname="agent-env-1333c413-f495-4d45-8007-3eb9d2e559c5"><testcase classname="tests.test_iteration_3.TestProduct" name="test_get_product" time="0.314" /><testcase classname="tests.test_iteration_3.TestShippingOptions" name="test_shipping_options_returns_standard" time="0.052" /><testcase classname="tests.test_iteration_3.TestCheckoutQuote" name="test_quote_qty1_standard" time="0.053" /><testcase classname="tests.test_iteration_3.TestCheckoutQuote" name="test_quote_qty2_free_shipping" time="0.050" /><testcase classname="tests.test_iteration_3.TestCheckoutQuote" name="test_quote_out_of_range" time="0.047" /><testcase classname="tests.test_iteration_3.TestCheckoutQuote" name="test_quote_unknown_product" time="0.048" /><testcase classname="tests.test_iteration_3.TestCheckoutQuote" name="test_quote_unknown_shipping" time="0.048" /><testcase classname="tests.test_iteration_3.TestCheckoutSession" name="test_session_qty2_with_shipping_free_ship" time="1.465" /><testcase classname="tests.test_iteration_3.TestCheckoutSession" name="test_session_qty_out_of_range" time="0.047" /><testcase classname="tests.test_iteration_3.TestCheckoutSession" name="test_status_unknown" time="0.051" /><testcase classname="tests.test_iteration_3.TestWaitlistBasic" name="test_fresh_signup" time="0.405" /><testcase classname="tests.test_iteration_3.TestZWaitlistRateLimit" name="test_rate_limit_5_per_hour" time="2.776" /></testsuite></testsuites>