<?xml version="1.0" encoding="utf-8"?><testsuites name="pytest tests"><testsuite name="pytest" errors="0" failures="0" skipped="0" tests="10" time="5.048" timestamp="2026-07-03T13:08:41.156279+00:00" hostname="agent-env-1333c413-f495-4d45-8007-3eb9d2e559c5"><testcase classname="tests.backend_test.TestWaitlist" name="test_fresh_email_subscribes_and_sends_email" time="1.144" /><testcase classname="tests.backend_test.TestCheckout" name="test_create_session_valid_product" time="1.322" /><testcase classname="tests.backend_test.TestWaitlist" name="test_duplicate_email_returns_already_subscribed" time="0.668" /><testcase classname="tests.backend_test.TestCheckout" name="test_create_session_invalid_product_returns_400" time="0.047" /><testcase classname="tests.backend_test.TestCheckout" name="test_checkout_status_for_created_session" time="0.391" /><testcase classname="tests.backend_test.TestCheckout" name="test_checkout_status_unknown_session_returns_404" time="0.052" /><testcase classname="tests.backend_test.TestWaitlist" name="test_invalid_email_returns_422" time="0.048" /><testcase classname="tests.backend_test.TestProduct" name="test_get_product_the_clear_120" time="0.048" /><testcase classname="tests.backend_test.TestWaitlist" name="test_waitlist_count" time="0.047" /><testcase classname="tests.backend_test.TestProduct" name="test_get_product_not_found" time="0.048" /></testsuite></testsuites>